<?xml version="1.0" encoding="UTF-8"?>
<testng-results skipped="0" failed="0" total="1" passed="1">
  <reporter-output>
  </reporter-output>
  <suite name="Default suite" duration-ms="38" started-at="2017-03-31T10:27:24Z" finished-at="2017-03-31T10:27:24Z">
    <groups>
    </groups>
    <test name="Default test" duration-ms="38" started-at="2017-03-31T10:27:24Z" finished-at="2017-03-31T10:27:24Z">
      <class name="com.Scripts.Demo">
        <test-method status="PASS" signature="test()[pri:0, instance:com.Scripts.Demo@144fc66]" name="test" duration-ms="12" started-at="2017-03-31T15:57:24Z" finished-at="2017-03-31T15:57:24Z">
          <reporter-output>
          </reporter-output>
        </test-method> <!-- test -->
      </class> <!-- com.Scripts.Demo -->
    </test> <!-- Default test -->
  </suite> <!-- Default suite -->
</testng-results>
